<?xml version="1.0" encoding="UTF-8"?>
<testsuite xmlns:xsi="http://www.w3.org/2001/XMLSchema-instance" xsi:noNamespaceSchemaLocation="https://maven.apache.org/surefire/maven-surefire-plugin/xsd/surefire-test-report.xsd" name="nl.han.oose.dea.Entity.UserEntityTest" time="0" tests="2" errors="0" skipped="0" failures="0">
  <properties>
[...]
</properties>
  <testcase name="userEntityTest" classname="nl.han.oose.dea.Entity.UserEntityTest" time="0"/>
  <testcase name="userEntityNullTest" classname="nl.han.oose.dea.Entity.UserEntityTest" time="0"/>
</testsuite>